04-Feb-2020 18:33:29.428 INFO [main] org.apache.catalina.core.AprLifecycleListener.lifecycleEvent The APR based Apache Tomcat Native library which allows optimal performance in production environments was not found on the java.library.path: [/Users/seanderoo/Library/Java/Extensions:/Library/Java/Extensions:/Network/Library/Java/Extensions:/System/Library/Java/Extensions:/usr/lib/java:.]
04-Feb-2020 18:33:29.839 INFO [main] org.apache.coyote.AbstractProtocol.init Initializing ProtocolHandler ["http-nio-8080"]
04-Feb-2020 18:33:29.876 INFO [main] org.apache.coyote.AbstractProtocol.init Initializing ProtocolHandler ["ajp-nio-8009"]
04-Feb-2020 18:33:29.879 INFO [main] org.apache.catalina.startup.Catalina.load Server initialization in [666] milliseconds
04-Feb-2020 18:33:29.909 INFO [main] org.apache.catalina.core.StandardService.startInternal Starting service [Catalina]
04-Feb-2020 18:33:29.909 INFO [main] org.apache.catalina.core.StandardEngine.startInternal Starting Servlet engine: [Apache Tomcat/9.0.27]
04-Feb-2020 18:33:29.917 INFO [main] org.apache.catalina.startup.HostConfig.deployDescriptor Deploying deployment descriptor [/Users/seanderoo/Incentro/Showcase/myproject/target/tomcat9x/conf/Catalina/localhost/site.xml]
04-Feb-2020 18:34:10.299 INFO [main] org.apache.catalina.startup.HostConfig.deployDescriptor Deployment of deployment descriptor [/Users/seanderoo/Incentro/Showcase/myproject/target/tomcat9x/conf/Catalina/localhost/site.xml] has finished in [40,382] ms
04-Feb-2020 18:34:10.302 INFO [main] org.apache.catalina.startup.HostConfig.deployWAR Deploying web application archive [/Users/seanderoo/Incentro/Showcase/myproject/target/tomcat9x/webapps/bpm.war]
04-Feb-2020 18:34:14.122 INFO [main] org.apache.catalina.startup.HostConfig.deployWAR Deployment of web application archive [/Users/seanderoo/Incentro/Showcase/myproject/target/tomcat9x/webapps/bpm.war] has finished in [3,820] ms
04-Feb-2020 18:34:14.123 INFO [main] org.apache.catalina.startup.HostConfig.deployWAR Deploying web application archive [/Users/seanderoo/Incentro/Showcase/myproject/target/tomcat9x/webapps/cargocpc.war]
04-Feb-2020 18:34:14.284 INFO [main] org.apache.catalina.startup.HostConfig.deployWAR Deployment of web application archive [/Users/seanderoo/Incentro/Showcase/myproject/target/tomcat9x/webapps/cargocpc.war] has finished in [161] ms
04-Feb-2020 18:34:14.289 INFO [main] org.apache.catalina.startup.HostConfig.deployDirectory Deploying web application directory [/Users/seanderoo/Incentro/Showcase/myproject/target/tomcat9x/webapps/manager]
04-Feb-2020 18:34:14.395 INFO [main] org.apache.catalina.startup.HostConfig.deployDirectory Deployment of web application directory [/Users/seanderoo/Incentro/Showcase/myproject/target/tomcat9x/webapps/manager] has finished in [107] ms
04-Feb-2020 18:34:14.395 INFO [main] org.apache.catalina.startup.HostConfig.deployDirectory Deploying web application directory [/Users/seanderoo/Incentro/Showcase/myproject/target/tomcat9x/webapps/cms]
04-Feb-2020 18:35:20.063 INFO [main] org.apache.catalina.startup.HostConfig.deployDirectory Deployment of web application directory [/Users/seanderoo/Incentro/Showcase/myproject/target/tomcat9x/webapps/cms] has finished in [65,668] ms
04-Feb-2020 18:35:20.063 INFO [main] org.apache.catalina.startup.HostConfig.deployDirectory Deploying web application directory [/Users/seanderoo/Incentro/Showcase/myproject/target/tomcat9x/webapps/host-manager]
04-Feb-2020 18:35:20.104 INFO [main] org.apache.catalina.startup.HostConfig.deployDirectory Deployment of web application directory [/Users/seanderoo/Incentro/Showcase/myproject/target/tomcat9x/webapps/host-manager] has finished in [41] ms
04-Feb-2020 18:35:20.104 INFO [main] org.apache.catalina.startup.HostConfig.deployDirectory Deploying web application directory [/Users/seanderoo/Incentro/Showcase/myproject/target/tomcat9x/webapps/essentials]
04-Feb-2020 18:35:24.892 INFO [main] org.apache.cxf.endpoint.ServerImpl.initDestination Setting the server's publish address to be /
04-Feb-2020 18:35:25.193 INFO [main] org.apache.cxf.endpoint.ServerImpl.initDestination Setting the server's publish address to be /system
04-Feb-2020 18:35:25.202 INFO [main] org.apache.catalina.startup.HostConfig.deployDirectory Deployment of web application directory [/Users/seanderoo/Incentro/Showcase/myproject/target/tomcat9x/webapps/essentials] has finished in [5,097] ms
04-Feb-2020 18:35:25.207 INFO [main] org.apache.coyote.AbstractProtocol.start Starting ProtocolHandler ["http-nio-8080"]
04-Feb-2020 18:35:25.216 INFO [main] org.apache.coyote.AbstractProtocol.start Starting ProtocolHandler ["ajp-nio-8009"]
04-Feb-2020 18:35:25.218 INFO [main] org.apache.catalina.startup.Catalina.start Server startup in [115,337] milliseconds
04-Feb-2020 18:35:26.291 INFO [http-nio-8080-exec-2] org.apache.cxf.endpoint.ServerImpl.initDestination Setting the server's publish address to be /dynamic
04-Feb-2020 18:38:18.577 INFO [Thread-25] org.apache.coyote.AbstractProtocol.pause Pausing ProtocolHandler ["http-nio-8080"]
04-Feb-2020 18:38:18.585 INFO [Thread-25] org.apache.coyote.AbstractProtocol.pause Pausing ProtocolHandler ["ajp-nio-8009"]
04-Feb-2020 18:38:18.593 INFO [Thread-25] org.apache.catalina.core.StandardService.stopInternal Stopping service [Catalina]
04-Feb-2020 18:38:18.882 WARNING [Thread-25] org.apache.catalina.loader.WebappClassLoaderBase.clearReferencesThreads The web application [bpm] appears to have started a thread named [Camunda Metrics Reporter] but has failed to stop it. This is very likely to create a memory leak. Stack trace of thread:
 java.lang.Object.wait(Native Method)
 java.util.TimerThread.mainLoop(Timer.java:552)
 java.util.TimerThread.run(Timer.java:505)
04-Feb-2020 18:38:19.561 WARNING [Thread-25] org.apache.catalina.loader.WebappClassLoaderBase.clearReferencesJdbc The web application [cms] registered the JDBC driver [org.h2.Driver] but failed to unregister it when the web application was stopped. To prevent a memory leak, the JDBC Driver has been forcibly unregistered.
04-Feb-2020 18:38:19.562 WARNING [Thread-25] org.apache.catalina.loader.WebappClassLoaderBase.clearReferencesThreads The web application [cms] appears to have started a thread named [pool-18-thread-1] but has failed to stop it. This is very likely to create a memory leak. Stack trace of thread:
 sun.misc.Unsafe.park(Native Method)
 java.util.concurrent.locks.LockSupport.parkNanos(LockSupport.java:215)
 java.util.concurrent.locks.AbstractQueuedSynchronizer$ConditionObject.awaitNanos(AbstractQueuedSynchronizer.java:2078)
 java.util.concurrent.ScheduledThreadPoolExecutor$DelayedWorkQueue.take(ScheduledThreadPoolExecutor.java:1093)
 java.util.concurrent.ScheduledThreadPoolExecutor$DelayedWorkQueue.take(ScheduledThreadPoolExecutor.java:809)
 java.util.concurrent.ThreadPoolExecutor.getTask(ThreadPoolExecutor.java:1074)
 java.util.concurrent.ThreadPoolExecutor.runWorker(ThreadPoolExecutor.java:1134)
 java.util.concurrent.ThreadPoolExecutor$Worker.run(ThreadPoolExecutor.java:624)
 java.lang.Thread.run(Thread.java:748)
04-Feb-2020 18:38:19.665 INFO [Thread-25] org.apache.coyote.AbstractProtocol.stop Stopping ProtocolHandler ["http-nio-8080"]
04-Feb-2020 18:38:19.666 INFO [Thread-25] org.apache.coyote.AbstractProtocol.stop Stopping ProtocolHandler ["ajp-nio-8009"]
04-Feb-2020 18:38:19.668 INFO [Thread-25] org.apache.coyote.AbstractProtocol.destroy Destroying ProtocolHandler ["http-nio-8080"]
04-Feb-2020 18:38:19.669 INFO [Thread-25] org.apache.coyote.AbstractProtocol.destroy Destroying ProtocolHandler ["ajp-nio-8009"]
